<?xml version="1.0" encoding="UTF-8"?>
<testsuite xmlns:xsi="http://www.w3.org/2001/XMLSchema-instance" xsi:noNamespaceSchemaLocation="https://maven.apache.org/surefire/maven-surefire-plugin/xsd/surefire-test-report.xsd" name="com.codinglife.MybatisplusApplicationTests" time="3.685" tests="3" errors="0" skipped="0" failures="1">
  <properties>
    <property name="sun.desktop" value="windows"/>
    <property name="awt.toolkit" value="sun.awt.windows.WToolkit"/>
    <property name="file.encoding.pkg" value="sun.io"/>
    <property name="java.specification.version" value="1.8"/>
    <property name="sun.cpu.isalist" value="amd64"/>
    <property name="sun.jnu.encoding" value="GBK"/>
    <property name="java.class.path" value="D:\Program Files\workspace\idea2\mybatisplus\target\test-classes;D:\Program Files\workspace\idea2\mybatisplus\target\classes;D:\Program Files\.m2\repository\org\springframework\boot\spring-boot-starter\2.6.3\spring-boot-starter-2.6.3.jar;D:\Program Files\.m2\repository\org\springframework\boot\spring-boot\2.6.3\spring-boot-2.6.3.jar;D:\Program Files\.m2\repository\org\springframework\spring-context\5.3.15\spring-context-5.3.15.jar;D:\Program Files\.m2\repository\org\springframework\spring-aop\5.3.15\spring-aop-5.3.15.jar;D:\Program Files\.m2\repository\org\springframework\spring-beans\5.3.15\spring-beans-5.3.15.jar;D:\Program Files\.m2\repository\org\springframework\spring-expression\5.3.15\spring-expression-5.3.15.jar;D:\Program Files\.m2\repository\org\springframework\boot\spring-boot-autoconfigure\2.6.3\spring-boot-autoconfigure-2.6.3.jar;D:\Program Files\.m2\repository\org\springframework\boot\spring-boot-starter-logging\2.6.3\spring-boot-starter-logging-2.6.3.jar;D:\Program Files\.m2\repository\ch\qos\logback\logback-classic\1.2.10\logback-classic-1.2.10.jar;D:\Program Files\.m2\repository\ch\qos\logback\logback-core\1.2.10\logback-core-1.2.10.jar;D:\Program Files\.m2\repository\org\apache\logging\log4j\log4j-to-slf4j\2.17.1\log4j-to-slf4j-2.17.1.jar;D:\Program Files\.m2\repository\org\apache\logging\log4j\log4j-api\2.17.1\log4j-api-2.17.1.jar;D:\Program Files\.m2\repository\org\slf4j\jul-to-slf4j\1.7.33\jul-to-slf4j-1.7.33.jar;D:\Program Files\.m2\repository\jakarta\annotation\jakarta.annotation-api\1.3.5\jakarta.annotation-api-1.3.5.jar;D:\Program Files\.m2\repository\org\springframework\spring-core\5.3.15\spring-core-5.3.15.jar;D:\Program Files\.m2\repository\org\springframework\spring-jcl\5.3.15\spring-jcl-5.3.15.jar;D:\Program Files\.m2\repository\org\yaml\snakeyaml\1.29\snakeyaml-1.29.jar;D:\Program Files\.m2\repository\org\springframework\boot\spring-boot-starter-test\2.6.3\spring-boot-starter-test-2.6.3.jar;D:\Program Files\.m2\repository\org\springframework\boot\spring-boot-test\2.6.3\spring-boot-test-2.6.3.jar;D:\Program Files\.m2\repository\org\springframework\boot\spring-boot-test-autoconfigure\2.6.3\spring-boot-test-autoconfigure-2.6.3.jar;D:\Program Files\.m2\repository\com\jayway\jsonpath\json-path\2.6.0\json-path-2.6.0.jar;D:\Program Files\.m2\repository\net\minidev\json-smart\2.4.7\json-smart-2.4.7.jar;D:\Program Files\.m2\repository\net\minidev\accessors-smart\2.4.7\accessors-smart-2.4.7.jar;D:\Program Files\.m2\repository\org\ow2\asm\asm\9.1\asm-9.1.jar;D:\Program Files\.m2\repository\org\slf4j\slf4j-api\1.7.33\slf4j-api-1.7.33.jar;D:\Program Files\.m2\repository\jakarta\xml\bind\jakarta.xml.bind-api\2.3.3\jakarta.xml.bind-api-2.3.3.jar;D:\Program Files\.m2\repository\jakarta\activation\jakarta.activation-api\1.2.2\jakarta.activation-api-1.2.2.jar;D:\Program Files\.m2\repository\org\assertj\assertj-core\3.21.0\assertj-core-3.21.0.jar;D:\Program Files\.m2\repository\org\hamcrest\hamcrest\2.2\hamcrest-2.2.jar;D:\Program Files\.m2\repository\org\junit\jupiter\junit-jupiter\5.8.2\junit-jupiter-5.8.2.jar;D:\Program Files\.m2\repository\org\junit\jupiter\junit-jupiter-api\5.8.2\junit-jupiter-api-5.8.2.jar;D:\Program Files\.m2\repository\org\opentest4j\opentest4j\1.2.0\opentest4j-1.2.0.jar;D:\Program Files\.m2\repository\org\junit\platform\junit-platform-commons\1.8.2\junit-platform-commons-1.8.2.jar;D:\Program Files\.m2\repository\org\apiguardian\apiguardian-api\1.1.2\apiguardian-api-1.1.2.jar;D:\Program Files\.m2\repository\org\junit\jupiter\junit-jupiter-params\5.8.2\junit-jupiter-params-5.8.2.jar;D:\Program Files\.m2\repository\org\junit\jupiter\junit-jupiter-engine\5.8.2\junit-jupiter-engine-5.8.2.jar;D:\Program Files\.m2\repository\org\junit\platform\junit-platform-engine\1.8.2\junit-platform-engine-1.8.2.jar;D:\Program Files\.m2\repository\org\mockito\mockito-core\4.0.0\mockito-core-4.0.0.jar;D:\Program Files\.m2\repository\net\bytebuddy\byte-buddy\1.11.22\byte-buddy-1.11.22.jar;D:\Program Files\.m2\repository\net\bytebuddy\byte-buddy-agent\1.11.22\byte-buddy-agent-1.11.22.jar;D:\Program Files\.m2\repository\org\objenesis\objenesis\3.2\objenesis-3.2.jar;D:\Program Files\.m2\repository\org\mockito\mockito-junit-jupiter\4.0.0\mockito-junit-jupiter-4.0.0.jar;D:\Program Files\.m2\repository\org\skyscreamer\jsonassert\1.5.0\jsonassert-1.5.0.jar;D:\Program Files\.m2\repository\com\vaadin\external\google\android-json\0.0.20131108.vaadin1\android-json-0.0.20131108.vaadin1.jar;D:\Program Files\.m2\repository\org\springframework\spring-test\5.3.15\spring-test-5.3.15.jar;D:\Program Files\.m2\repository\org\xmlunit\xmlunit-core\2.8.4\xmlunit-core-2.8.4.jar;D:\Program Files\.m2\repository\com\baomidou\mybatis-plus-boot-starter\3.5.1\mybatis-plus-boot-starter-3.5.1.jar;D:\Program Files\.m2\repository\com\baomidou\mybatis-plus\3.5.1\mybatis-plus-3.5.1.jar;D:\Program Files\.m2\repository\com\baomidou\mybatis-plus-extension\3.5.1\mybatis-plus-extension-3.5.1.jar;D:\Program Files\.m2\repository\com\baomidou\mybatis-plus-core\3.5.1\mybatis-plus-core-3.5.1.jar;D:\Program Files\.m2\repository\com\baomidou\mybatis-plus-annotation\3.5.1\mybatis-plus-annotation-3.5.1.jar;D:\Program Files\.m2\repository\com\github\jsqlparser\jsqlparser\4.3\jsqlparser-4.3.jar;D:\Program Files\.m2\repository\org\mybatis\mybatis\3.5.9\mybatis-3.5.9.jar;D:\Program Files\.m2\repository\org\mybatis\mybatis-spring\2.0.6\mybatis-spring-2.0.6.jar;D:\Program Files\.m2\repository\org\springframework\boot\spring-boot-starter-jdbc\2.6.3\spring-boot-starter-jdbc-2.6.3.jar;D:\Program Files\.m2\repository\com\zaxxer\HikariCP\4.0.3\HikariCP-4.0.3.jar;D:\Program Files\.m2\repository\org\springframework\spring-jdbc\5.3.15\spring-jdbc-5.3.15.jar;D:\Program Files\.m2\repository\org\springframework\spring-tx\5.3.15\spring-tx-5.3.15.jar;D:\Program Files\.m2\repository\mysql\mysql-connector-java\8.0.28\mysql-connector-java-8.0.28.jar;D:\Program Files\.m2\repository\org\projectlombok\lombok\1.18.22\lombok-1.18.22.jar;"/>
    <property name="java.vm.vendor" value="Oracle Corporation"/>
    <property name="sun.arch.data.model" value="64"/>
    <property name="user.variant" value=""/>
    <property name="java.vendor.url" value="http://java.oracle.com/"/>
    <property name="user.timezone" value="Asia/Shanghai"/>
    <property name="java.vm.specification.version" value="1.8"/>
    <property name="os.name" value="Windows 8.1"/>
    <property name="user.country" value="CN"/>
    <property name="sun.java.launcher" value="SUN_STANDARD"/>
    <property name="sun.boot.library.path" value="D:\Program Files (x86)\javaJdk\jre\bin"/>
    <property name="sun.java.command" value="C:\Users\wyj_p\AppData\Local\Temp\surefire7734951838328646105\surefirebooter7845300092049173090.jar C:\Users\wyj_p\AppData\Local\Temp\surefire7734951838328646105 2022-02-24T11-16-50_040-jvmRun1 surefire4887537256712826633tmp surefire_05078678678082532801tmp"/>
    <property name="surefire.test.class.path" value="D:\Program Files\workspace\idea2\mybatisplus\target\test-classes;D:\Program Files\workspace\idea2\mybatisplus\target\classes;D:\Program Files\.m2\repository\org\springframework\boot\spring-boot-starter\2.6.3\spring-boot-starter-2.6.3.jar;D:\Program Files\.m2\repository\org\springframework\boot\spring-boot\2.6.3\spring-boot-2.6.3.jar;D:\Program Files\.m2\repository\org\springframework\spring-context\5.3.15\spring-context-5.3.15.jar;D:\Program Files\.m2\repository\org\springframework\spring-aop\5.3.15\spring-aop-5.3.15.jar;D:\Program Files\.m2\repository\org\springframework\spring-beans\5.3.15\spring-beans-5.3.15.jar;D:\Program Files\.m2\repository\org\springframework\spring-expression\5.3.15\spring-expression-5.3.15.jar;D:\Program Files\.m2\repository\org\springframework\boot\spring-boot-autoconfigure\2.6.3\spring-boot-autoconfigure-2.6.3.jar;D:\Program Files\.m2\repository\org\springframework\boot\spring-boot-starter-logging\2.6.3\spring-boot-starter-logging-2.6.3.jar;D:\Program Files\.m2\repository\ch\qos\logback\logback-classic\1.2.10\logback-classic-1.2.10.jar;D:\Program Files\.m2\repository\ch\qos\logback\logback-core\1.2.10\logback-core-1.2.10.jar;D:\Program Files\.m2\repository\org\apache\logging\log4j\log4j-to-slf4j\2.17.1\log4j-to-slf4j-2.17.1.jar;D:\Program Files\.m2\repository\org\apache\logging\log4j\log4j-api\2.17.1\log4j-api-2.17.1.jar;D:\Program Files\.m2\repository\org\slf4j\jul-to-slf4j\1.7.33\jul-to-slf4j-1.7.33.jar;D:\Program Files\.m2\repository\jakarta\annotation\jakarta.annotation-api\1.3.5\jakarta.annotation-api-1.3.5.jar;D:\Program Files\.m2\repository\org\springframework\spring-core\5.3.15\spring-core-5.3.15.jar;D:\Program Files\.m2\repository\org\springframework\spring-jcl\5.3.15\spring-jcl-5.3.15.jar;D:\Program Files\.m2\repository\org\yaml\snakeyaml\1.29\snakeyaml-1.29.jar;D:\Program Files\.m2\repository\org\springframework\boot\spring-boot-starter-test\2.6.3\spring-boot-starter-test-2.6.3.jar;D:\Program Files\.m2\repository\org\springframework\boot\spring-boot-test\2.6.3\spring-boot-test-2.6.3.jar;D:\Program Files\.m2\repository\org\springframework\boot\spring-boot-test-autoconfigure\2.6.3\spring-boot-test-autoconfigure-2.6.3.jar;D:\Program Files\.m2\repository\com\jayway\jsonpath\json-path\2.6.0\json-path-2.6.0.jar;D:\Program Files\.m2\repository\net\minidev\json-smart\2.4.7\json-smart-2.4.7.jar;D:\Program Files\.m2\repository\net\minidev\accessors-smart\2.4.7\accessors-smart-2.4.7.jar;D:\Program Files\.m2\repository\org\ow2\asm\asm\9.1\asm-9.1.jar;D:\Program Files\.m2\repository\org\slf4j\slf4j-api\1.7.33\slf4j-api-1.7.33.jar;D:\Program Files\.m2\repository\jakarta\xml\bind\jakarta.xml.bind-api\2.3.3\jakarta.xml.bind-api-2.3.3.jar;D:\Program Files\.m2\repository\jakarta\activation\jakarta.activation-api\1.2.2\jakarta.activation-api-1.2.2.jar;D:\Program Files\.m2\repository\org\assertj\assertj-core\3.21.0\assertj-core-3.21.0.jar;D:\Program Files\.m2\repository\org\hamcrest\hamcrest\2.2\hamcrest-2.2.jar;D:\Program Files\.m2\repository\org\junit\jupiter\junit-jupiter\5.8.2\junit-jupiter-5.8.2.jar;D:\Program Files\.m2\repository\org\junit\jupiter\junit-jupiter-api\5.8.2\junit-jupiter-api-5.8.2.jar;D:\Program Files\.m2\repository\org\opentest4j\opentest4j\1.2.0\opentest4j-1.2.0.jar;D:\Program Files\.m2\repository\org\junit\platform\junit-platform-commons\1.8.2\junit-platform-commons-1.8.2.jar;D:\Program Files\.m2\repository\org\apiguardian\apiguardian-api\1.1.2\apiguardian-api-1.1.2.jar;D:\Program Files\.m2\repository\org\junit\jupiter\junit-jupiter-params\5.8.2\junit-jupiter-params-5.8.2.jar;D:\Program Files\.m2\repository\org\junit\jupiter\junit-jupiter-engine\5.8.2\junit-jupiter-engine-5.8.2.jar;D:\Program Files\.m2\repository\org\junit\platform\junit-platform-engine\1.8.2\junit-platform-engine-1.8.2.jar;D:\Program Files\.m2\repository\org\mockito\mockito-core\4.0.0\mockito-core-4.0.0.jar;D:\Program Files\.m2\repository\net\bytebuddy\byte-buddy\1.11.22\byte-buddy-1.11.22.jar;D:\Program Files\.m2\repository\net\bytebuddy\byte-buddy-agent\1.11.22\byte-buddy-agent-1.11.22.jar;D:\Program Files\.m2\repository\org\objenesis\objenesis\3.2\objenesis-3.2.jar;D:\Program Files\.m2\repository\org\mockito\mockito-junit-jupiter\4.0.0\mockito-junit-jupiter-4.0.0.jar;D:\Program Files\.m2\repository\org\skyscreamer\jsonassert\1.5.0\jsonassert-1.5.0.jar;D:\Program Files\.m2\repository\com\vaadin\external\google\android-json\0.0.20131108.vaadin1\android-json-0.0.20131108.vaadin1.jar;D:\Program Files\.m2\repository\org\springframework\spring-test\5.3.15\spring-test-5.3.15.jar;D:\Program Files\.m2\repository\org\xmlunit\xmlunit-core\2.8.4\xmlunit-core-2.8.4.jar;D:\Program Files\.m2\repository\com\baomidou\mybatis-plus-boot-starter\3.5.1\mybatis-plus-boot-starter-3.5.1.jar;D:\Program Files\.m2\repository\com\baomidou\mybatis-plus\3.5.1\mybatis-plus-3.5.1.jar;D:\Program Files\.m2\repository\com\baomidou\mybatis-plus-extension\3.5.1\mybatis-plus-extension-3.5.1.jar;D:\Program Files\.m2\repository\com\baomidou\mybatis-plus-core\3.5.1\mybatis-plus-core-3.5.1.jar;D:\Program Files\.m2\repository\com\baomidou\mybatis-plus-annotation\3.5.1\mybatis-plus-annotation-3.5.1.jar;D:\Program Files\.m2\repository\com\github\jsqlparser\jsqlparser\4.3\jsqlparser-4.3.jar;D:\Program Files\.m2\repository\org\mybatis\mybatis\3.5.9\mybatis-3.5.9.jar;D:\Program Files\.m2\repository\org\mybatis\mybatis-spring\2.0.6\mybatis-spring-2.0.6.jar;D:\Program Files\.m2\repository\org\springframework\boot\spring-boot-starter-jdbc\2.6.3\spring-boot-starter-jdbc-2.6.3.jar;D:\Program Files\.m2\repository\com\zaxxer\HikariCP\4.0.3\HikariCP-4.0.3.jar;D:\Program Files\.m2\repository\org\springframework\spring-jdbc\5.3.15\spring-jdbc-5.3.15.jar;D:\Program Files\.m2\repository\org\springframework\spring-tx\5.3.15\spring-tx-5.3.15.jar;D:\Program Files\.m2\repository\mysql\mysql-connector-java\8.0.28\mysql-connector-java-8.0.28.jar;D:\Program Files\.m2\repository\org\projectlombok\lombok\1.18.22\lombok-1.18.22.jar;"/>
    <property name="sun.cpu.endian" value="little"/>
    <property name="user.home" value="C:\Users\wyj_p"/>
    <property name="user.language" value="zh"/>
    <property name="java.specification.vendor" value="Oracle Corporation"/>
    <property name="java.home" value="D:\Program Files (x86)\javaJdk\jre"/>
    <property name="basedir" value="D:\Program Files\workspace\idea2\mybatisplus"/>
    <property name="file.separator" value="\"/>
    <property name="line.separator" value="&#10;"/>
    <property name="java.vm.specification.vendor" value="Oracle Corporation"/>
    <property name="java.specification.name" value="Java Platform API Specification"/>
    <property name="java.awt.graphicsenv" value="sun.awt.Win32GraphicsEnvironment"/>
    <property name="surefire.real.class.path" value="C:\Users\wyj_p\AppData\Local\Temp\surefire7734951838328646105\surefirebooter7845300092049173090.jar"/>
    <property name="sun.boot.class.path" value="D:\Program Files (x86)\javaJdk\jre\lib\resources.jar;D:\Program Files (x86)\javaJdk\jre\lib\rt.jar;D:\Program Files (x86)\javaJdk\jre\lib\sunrsasign.jar;D:\Program Files (x86)\javaJdk\jre\lib\jsse.jar;D:\Program Files (x86)\javaJdk\jre\lib\jce.jar;D:\Program Files (x86)\javaJdk\jre\lib\charsets.jar;D:\Program Files (x86)\javaJdk\jre\lib\jfr.jar;D:\Program Files (x86)\javaJdk\jre\classes"/>
    <property name="user.script" value=""/>
    <property name="sun.management.compiler" value="HotSpot 64-Bit Tiered Compilers"/>
    <property name="java.runtime.version" value="1.8.0_40-b25"/>
    <property name="user.name" value="wyj"/>
    <property name="path.separator" value=";"/>
    <property name="os.version" value="6.3"/>
    <property name="java.endorsed.dirs" value="D:\Program Files (x86)\javaJdk\jre\lib\endorsed"/>
    <property name="java.runtime.name" value="Java(TM) SE Runtime Environment"/>
    <property name="file.encoding" value="GBK"/>
    <property name="java.vm.name" value="Java HotSpot(TM) 64-Bit Server VM"/>
    <property name="idea.version2020.1" value="true"/>
    <property name="localRepository" value="D:\Program Files\.m2\repository"/>
    <property name="java.vendor.url.bug" value="http://bugreport.sun.com/bugreport/"/>
    <property name="java.io.tmpdir" value="C:\Users\wyj_p\AppData\Local\Temp\"/>
    <property name="java.version" value="1.8.0_40"/>
    <property name="user.dir" value="D:\Program Files\workspace\idea2\mybatisplus"/>
    <property name="os.arch" value="amd64"/>
    <property name="java.vm.specification.name" value="Java Virtual Machine Specification"/>
    <property name="java.awt.printerjob" value="sun.awt.windows.WPrinterJob"/>
    <property name="sun.os.patch.level" value=""/>
    <property name="java.library.path" value="D:\Program Files (x86)\javaJdk\jre\bin;C:\WINDOWS\Sun\Java\bin;C:\WINDOWS\system32;C:\WINDOWS;C:\Program Files\Common Files\Oracle\Java\javapath;D:\Program Files\vmware\bin\;C:\ProgramData\Oracle\Java\javapath;C:\WINDOWS\system32;C:\WINDOWS;C:\WINDOWS\System32\Wbem;C:\WINDOWS\System32\WindowsPowerShell\v1.0\;C:\WINDOWS\System32\OpenSSH\;C:\Program Files\Intel\WiFi\bin\;C:\Program Files\Common Files\Intel\WirelessCommon\;C:\Program Files (x86)\Microsoft SQL Server\100\Tools\Binn\;C:\Program Files\Microsoft SQL Server\100\Tools\Binn\;C:\Program Files\Microsoft SQL Server\100\DTS\Binn\;C:\Program Files (x86)\Microsoft SQL Server\150\DTS\Binn\;C:\Program Files\dotnet\;C:\Program Files\Microsoft SQL Server\130\Tools\Binn\;C:\Program Files\Microsoft SQL Server\Client SDK\ODBC\170\Tools\Binn\;D:\Program Files (x86)\Git\cmd;D:\Program Files (x86)\javaJdk\bin;D:\Program Files\apache-maven-3.6.3-bin\apache-maven-3.6.3\bin;D:\Program Files\Redis\;D:\Program Files\Xshell7\;D:\Program Files\nodejs\;C:\Program Files\Docker\Docker\resources\bin;C:\ProgramData\DockerDesktop\version-bin;D:\Program Files\erl10.3\bin;C:\Users\wyj_p\AppData\Local\Microsoft\WindowsApps;C:\Users\wyj_p\.dotnet\tools;D:\Users\wyj_p\AppData\Local\Programs\Microsoft VS Code\bin;D:\Program Files\Bandizip\;C:\Users\wyj_p\AppData\Local\GitHubDesktop\bin;C:\Users\wyj_p\AppData\Roaming\npm;D:\Program Files\hugo\hugo\bin;D:\Program Files\nodejs;D:\Program Files\curl-7.81.0-win64-mingw\curl-7.81.0-win64-mingw\bin;;."/>
    <property name="java.vm.info" value="mixed mode"/>
    <property name="java.vendor" value="Oracle Corporation"/>
    <property name="java.vm.version" value="25.40-b25"/>
    <property name="java.ext.dirs" value="D:\Program Files (x86)\javaJdk\jre\lib\ext;C:\WINDOWS\Sun\Java\lib\ext"/>
    <property name="sun.io.unicode.encoding" value="UnicodeLittle"/>
    <property name="java.class.version" value="52.0"/>
  </properties>
  <testcase name="contextLoads" classname="com.codinglife.MybatisplusApplicationTests" time="0.213"/>
  <testcase name="testInsert" classname="com.codinglife.MybatisplusApplicationTests" time="0.928"/>
  <testcase name="testSelect" classname="com.codinglife.MybatisplusApplicationTests" time="0.044">
    <failure message="expected: &lt;5&gt; but was: &lt;6&gt;" type="org.opentest4j.AssertionFailedError"><![CDATA[org.opentest4j.AssertionFailedError: expected: <5> but was: <6>
	at com.codinglife.MybatisplusApplicationTests.testSelect(MybatisplusApplicationTests.java:28)
]]></failure>
    <system-out><![CDATA[----- selectAll method test ------
Creating a new SqlSession
SqlSession [org.apache.ibatis.session.defaults.DefaultSqlSession@78e17a99] was not registered for synchronization because synchronization is not active
JDBC Connection [HikariProxyConnection@131582664 wrapping com.mysql.cj.jdbc.ConnectionImpl@48976e6d] will not be managed by Spring
==>  Preparing: SELECT id,name,age,email FROM user
==> Parameters: 
<==    Columns: id, name, age, email
<==        Row: 1, Jone, 18, test1@baomidou.com
<==        Row: 2, Jack, 20, test2@baomidou.com
<==        Row: 3, Tom, 28, test3@baomidou.com
<==        Row: 4, Sandy, 21, test4@baomidou.com
<==        Row: 5, Billie, 24, test5@baomidou.com
<==        Row: 1496685536528621569, CodingLife, 18, wyj_program@163.com
<==      Total: 6
Closing non transactional SqlSession [org.apache.ibatis.session.defaults.DefaultSqlSession@78e17a99]
]]></system-out>
  </testcase>
</testsuite>